{"/Users/jiayali/Desktop/leetCode/0607/index.js": {"path":"/Users/jiayali/Desktop/leetCode/0607/index.js","statementMap":{"0":{"start":{"line":1,"column":16},"end":{"line":29,"column":1}},"1":{"start":{"line":2,"column":18},"end":{"line":2,"column":22}},"2":{"start":{"line":4,"column":18},"end":{"line":4,"column":20}},"3":{"start":{"line":6,"column":19},"end":{"line":10,"column":5}},"4":{"start":{"line":12,"column":4},"end":{"line":24,"column":5}},"5":{"start":{"line":13,"column":24},"end":{"line":13,"column":30}},"6":{"start":{"line":14,"column":8},"end":{"line":23,"column":9}},"7":{"start":{"line":16,"column":12},"end":{"line":16,"column":32}},"8":{"start":{"line":18,"column":26},"end":{"line":18,"column":37}},"9":{"start":{"line":20,"column":12},"end":{"line":22,"column":13}},"10":{"start":{"line":21,"column":16},"end":{"line":21,"column":28}},"11":{"start":{"line":26,"column":4},"end":{"line":26,"column":35}},"12":{"start":{"line":26,"column":22},"end":{"line":26,"column":35}},"13":{"start":{"line":28,"column":4},"end":{"line":28,"column":17}},"14":{"start":{"line":31,"column":0},"end":{"line":31,"column":25}}},"fnMap":{"0":{"name":"(anonymous_0)","decl":{"start":{"line":1,"column":16},"end":{"line":1,"column":17}},"loc":{"start":{"line":1,"column":25},"end":{"line":29,"column":1}},"line":1}},"branchMap":{"0":{"loc":{"start":{"line":14,"column":8},"end":{"line":23,"column":9}},"type":"if","locations":[{"start":{"line":14,"column":8},"end":{"line":23,"column":9}},{"start":{"line":14,"column":8},"end":{"line":23,"column":9}}],"line":14},"1":{"loc":{"start":{"line":20,"column":12},"end":{"line":22,"column":13}},"type":"if","locations":[{"start":{"line":20,"column":12},"end":{"line":22,"column":13}},{"start":{"line":20,"column":12},"end":{"line":22,"column":13}}],"line":20},"2":{"loc":{"start":{"line":26,"column":4},"end":{"line":26,"column":35}},"type":"if","locations":[{"start":{"line":26,"column":4},"end":{"line":26,"column":35}},{"start":{"line":26,"column":4},"end":{"line":26,"column":35}}],"line":26}},"s":{"0":1,"1":6,"2":6,"3":6,"4":6,"5":22,"6":22,"7":12,"8":10,"9":10,"10":2,"11":4,"12":1,"13":3,"14":1},"f":{"0":6},"b":{"0":[12,10],"1":[2,8],"2":[1,3]},"_coverageSchema":"43e27e138ebf9cfc5966b082cf9a028302ed4184","hash":"261cb64f9ba9d04ceb72ed58ad0fce0484a60d78"}
,"/Users/jiayali/Desktop/leetCode/0608/index.js": {"path":"/Users/jiayali/Desktop/leetCode/0608/index.js","statementMap":{"0":{"start":{"line":1,"column":25},"end":{"line":13,"column":1}},"1":{"start":{"line":2,"column":16},"end":{"line":2,"column":17}},"2":{"start":{"line":3,"column":17},"end":{"line":3,"column":28}},"3":{"start":{"line":4,"column":4},"end":{"line":9,"column":5}},"4":{"start":{"line":4,"column":21},"end":{"line":4,"column":22}},"5":{"start":{"line":5,"column":8},"end":{"line":8,"column":9}},"6":{"start":{"line":6,"column":12},"end":{"line":6,"column":20}},"7":{"start":{"line":7,"column":12},"end":{"line":7,"column":38}},"8":{"start":{"line":10,"column":20},"end":{"line":10,"column":27}},"9":{"start":{"line":11,"column":4},"end":{"line":11,"column":28}},"10":{"start":{"line":12,"column":4},"end":{"line":12,"column":21}},"11":{"start":{"line":15,"column":0},"end":{"line":15,"column":34}}},"fnMap":{"0":{"name":"(anonymous_0)","decl":{"start":{"line":1,"column":25},"end":{"line":1,"column":26}},"loc":{"start":{"line":1,"column":34},"end":{"line":13,"column":1}},"line":1}},"branchMap":{"0":{"loc":{"start":{"line":5,"column":8},"end":{"line":8,"column":9}},"type":"if","locations":[{"start":{"line":5,"column":8},"end":{"line":8,"column":9}},{"start":{"line":5,"column":8},"end":{"line":8,"column":9}}],"line":5}},"s":{"0":1,"1":2,"2":2,"3":2,"4":2,"5":13,"6":6,"7":6,"8":2,"9":2,"10":2,"11":1},"f":{"0":2},"b":{"0":[6,7]},"_coverageSchema":"43e27e138ebf9cfc5966b082cf9a028302ed4184","hash":"5ca919d2794923c5e15d54852226d23baccc61b1"}
,"/Users/jiayali/Desktop/leetCode/0609/index.js": {"path":"/Users/jiayali/Desktop/leetCode/0609/index.js","statementMap":{"0":{"start":{"line":1,"column":14},"end":{"line":12,"column":1}},"1":{"start":{"line":2,"column":17},"end":{"line":2,"column":31}},"2":{"start":{"line":3,"column":3},"end":{"line":10,"column":4}},"3":{"start":{"line":4,"column":7},"end":{"line":4,"column":21}},"4":{"start":{"line":4,"column":15},"end":{"line":4,"column":21}},"5":{"start":{"line":5,"column":7},"end":{"line":9,"column":8}},"6":{"start":{"line":6,"column":9},"end":{"line":6,"column":39}},"7":{"start":{"line":8,"column":9},"end":{"line":8,"column":39}},"8":{"start":{"line":11,"column":3},"end":{"line":11,"column":16}},"9":{"start":{"line":14,"column":0},"end":{"line":14,"column":23}}},"fnMap":{"0":{"name":"(anonymous_0)","decl":{"start":{"line":1,"column":14},"end":{"line":1,"column":15}},"loc":{"start":{"line":1,"column":34},"end":{"line":12,"column":1}},"line":1}},"branchMap":{"0":{"loc":{"start":{"line":4,"column":7},"end":{"line":4,"column":21}},"type":"if","locations":[{"start":{"line":4,"column":7},"end":{"line":4,"column":21}},{"start":{"line":4,"column":7},"end":{"line":4,"column":21}}],"line":4},"1":{"loc":{"start":{"line":5,"column":7},"end":{"line":9,"column":8}},"type":"if","locations":[{"start":{"line":5,"column":7},"end":{"line":9,"column":8}},{"start":{"line":5,"column":7},"end":{"line":9,"column":8}}],"line":5}},"s":{"0":1,"1":3,"2":3,"3":15,"4":1,"5":14,"6":6,"7":8,"8":3,"9":1},"f":{"0":3},"b":{"0":[1,14],"1":[6,8]},"_coverageSchema":"43e27e138ebf9cfc5966b082cf9a028302ed4184","hash":"8ae43db6484d227c66731db9a81aca1d6cb0cc5f"}
,"/Users/jiayali/Desktop/leetCode/0610/index.js": {"path":"/Users/jiayali/Desktop/leetCode/0610/index.js","statementMap":{"0":{"start":{"line":2,"column":17},"end":{"line":22,"column":1}},"1":{"start":{"line":3,"column":2},"end":{"line":3,"column":21}},"2":{"start":{"line":3,"column":12},"end":{"line":3,"column":21}},"3":{"start":{"line":4,"column":2},"end":{"line":4,"column":41}},"4":{"start":{"line":4,"column":32},"end":{"line":4,"column":41}},"5":{"start":{"line":6,"column":14},"end":{"line":6,"column":15}},"6":{"start":{"line":7,"column":14},"end":{"line":7,"column":25}},"7":{"start":{"line":8,"column":16},"end":{"line":8,"column":20}},"8":{"start":{"line":10,"column":2},"end":{"line":21,"column":3}},"9":{"start":{"line":11,"column":4},"end":{"line":16,"column":5}},"10":{"start":{"line":12,"column":6},"end":{"line":12,"column":44}},"11":{"start":{"line":12,"column":31},"end":{"line":12,"column":44}},"12":{"start":{"line":13,"column":6},"end":{"line":13,"column":14}},"13":{"start":{"line":14,"column":6},"end":{"line":14,"column":23}},"14":{"start":{"line":15,"column":6},"end":{"line":15,"column":15}},"15":{"start":{"line":17,"column":15},"end":{"line":17,"column":27}},"16":{"start":{"line":18,"column":16},"end":{"line":18,"column":29}},"17":{"start":{"line":19,"column":4},"end":{"line":19,"column":30}},"18":{"start":{"line":19,"column":13},"end":{"line":19,"column":30}},"19":{"start":{"line":20,"column":4},"end":{"line":20,"column":32}},"20":{"start":{"line":20,"column":14},"end":{"line":20,"column":32}},"21":{"start":{"line":24,"column":0},"end":{"line":24,"column":26}}},"fnMap":{"0":{"name":"(anonymous_0)","decl":{"start":{"line":2,"column":17},"end":{"line":2,"column":18}},"loc":{"start":{"line":2,"column":27},"end":{"line":22,"column":1}},"line":2}},"branchMap":{"0":{"loc":{"start":{"line":3,"column":2},"end":{"line":3,"column":21}},"type":"if","locations":[{"start":{"line":3,"column":2},"end":{"line":3,"column":21}},{"start":{"line":3,"column":2},"end":{"line":3,"column":21}}],"line":3},"1":{"loc":{"start":{"line":4,"column":2},"end":{"line":4,"column":41}},"type":"if","locations":[{"start":{"line":4,"column":2},"end":{"line":4,"column":41}},{"start":{"line":4,"column":2},"end":{"line":4,"column":41}}],"line":4},"2":{"loc":{"start":{"line":4,"column":5},"end":{"line":4,"column":30}},"type":"binary-expr","locations":[{"start":{"line":4,"column":5},"end":{"line":4,"column":15}},{"start":{"line":4,"column":19},"end":{"line":4,"column":30}}],"line":4},"3":{"loc":{"start":{"line":11,"column":4},"end":{"line":16,"column":5}},"type":"if","locations":[{"start":{"line":11,"column":4},"end":{"line":16,"column":5}},{"start":{"line":11,"column":4},"end":{"line":16,"column":5}}],"line":11},"4":{"loc":{"start":{"line":12,"column":6},"end":{"line":12,"column":44}},"type":"if","locations":[{"start":{"line":12,"column":6},"end":{"line":12,"column":44}},{"start":{"line":12,"column":6},"end":{"line":12,"column":44}}],"line":12},"5":{"loc":{"start":{"line":19,"column":4},"end":{"line":19,"column":30}},"type":"if","locations":[{"start":{"line":19,"column":4},"end":{"line":19,"column":30}},{"start":{"line":19,"column":4},"end":{"line":19,"column":30}}],"line":19},"6":{"loc":{"start":{"line":20,"column":4},"end":{"line":20,"column":32}},"type":"if","locations":[{"start":{"line":20,"column":4},"end":{"line":20,"column":32}},{"start":{"line":20,"column":4},"end":{"line":20,"column":32}}],"line":20}},"s":{"0":1,"1":3,"2":1,"3":2,"4":1,"5":1,"6":1,"7":1,"8":1,"9":8,"10":3,"11":1,"12":2,"13":2,"14":2,"15":5,"16":5,"17":5,"18":2,"19":5,"20":2,"21":1},"f":{"0":3},"b":{"0":[1,2],"1":[1,1],"2":[2,1],"3":[3,5],"4":[1,2],"5":[2,3],"6":[2,3]},"_coverageSchema":"43e27e138ebf9cfc5966b082cf9a028302ed4184","hash":"f4ff94ef7427299eaef346b0aa8e152afcf3ba93"}
,"/Users/jiayali/Desktop/leetCode/0611/index.js": {"path":"/Users/jiayali/Desktop/leetCode/0611/index.js","statementMap":{"0":{"start":{"line":1,"column":18},"end":{"line":13,"column":1}},"1":{"start":{"line":2,"column":12},"end":{"line":2,"column":21}},"2":{"start":{"line":3,"column":15},"end":{"line":3,"column":16}},"3":{"start":{"line":4,"column":15},"end":{"line":4,"column":28}},"4":{"start":{"line":5,"column":2},"end":{"line":11,"column":3}},"5":{"start":{"line":5,"column":13},"end":{"line":5,"column":14}},"6":{"start":{"line":6,"column":4},"end":{"line":10,"column":5}},"7":{"start":{"line":7,"column":6},"end":{"line":7,"column":46}},"8":{"start":{"line":9,"column":6},"end":{"line":9,"column":35}},"9":{"start":{"line":12,"column":2},"end":{"line":12,"column":16}},"10":{"start":{"line":14,"column":0},"end":{"line":14,"column":27}}},"fnMap":{"0":{"name":"(anonymous_0)","decl":{"start":{"line":1,"column":18},"end":{"line":1,"column":19}},"loc":{"start":{"line":1,"column":30},"end":{"line":13,"column":1}},"line":1}},"branchMap":{"0":{"loc":{"start":{"line":6,"column":4},"end":{"line":10,"column":5}},"type":"if","locations":[{"start":{"line":6,"column":4},"end":{"line":10,"column":5}},{"start":{"line":6,"column":4},"end":{"line":10,"column":5}}],"line":6}},"s":{"0":1,"1":2,"2":2,"3":2,"4":2,"5":2,"6":9,"7":2,"8":7,"9":2,"10":1},"f":{"0":2},"b":{"0":[2,7]},"_coverageSchema":"43e27e138ebf9cfc5966b082cf9a028302ed4184","hash":"f13e640893a5db232e29fe389f1eace07146b645"}
}
