{"/Users/jiayali/Desktop/leetCode/0607/index.js": {"path":"/Users/jiayali/Desktop/leetCode/0607/index.js","statementMap":{"0":{"start":{"line":1,"column":16},"end":{"line":29,"column":1}},"1":{"start":{"line":2,"column":18},"end":{"line":2,"column":22}},"2":{"start":{"line":4,"column":18},"end":{"line":4,"column":20}},"3":{"start":{"line":6,"column":19},"end":{"line":10,"column":5}},"4":{"start":{"line":12,"column":4},"end":{"line":24,"column":5}},"5":{"start":{"line":13,"column":24},"end":{"line":13,"column":30}},"6":{"start":{"line":14,"column":8},"end":{"line":23,"column":9}},"7":{"start":{"line":16,"column":12},"end":{"line":16,"column":32}},"8":{"start":{"line":18,"column":26},"end":{"line":18,"column":37}},"9":{"start":{"line":20,"column":12},"end":{"line":22,"column":13}},"10":{"start":{"line":21,"column":16},"end":{"line":21,"column":28}},"11":{"start":{"line":26,"column":4},"end":{"line":26,"column":35}},"12":{"start":{"line":26,"column":22},"end":{"line":26,"column":35}},"13":{"start":{"line":28,"column":4},"end":{"line":28,"column":17}},"14":{"start":{"line":31,"column":0},"end":{"line":31,"column":25}}},"fnMap":{"0":{"name":"(anonymous_0)","decl":{"start":{"line":1,"column":16},"end":{"line":1,"column":17}},"loc":{"start":{"line":1,"column":25},"end":{"line":29,"column":1}},"line":1}},"branchMap":{"0":{"loc":{"start":{"line":14,"column":8},"end":{"line":23,"column":9}},"type":"if","locations":[{"start":{"line":14,"column":8},"end":{"line":23,"column":9}},{"start":{"line":14,"column":8},"end":{"line":23,"column":9}}],"line":14},"1":{"loc":{"start":{"line":20,"column":12},"end":{"line":22,"column":13}},"type":"if","locations":[{"start":{"line":20,"column":12},"end":{"line":22,"column":13}},{"start":{"line":20,"column":12},"end":{"line":22,"column":13}}],"line":20},"2":{"loc":{"start":{"line":26,"column":4},"end":{"line":26,"column":35}},"type":"if","locations":[{"start":{"line":26,"column":4},"end":{"line":26,"column":35}},{"start":{"line":26,"column":4},"end":{"line":26,"column":35}}],"line":26}},"s":{"0":1,"1":6,"2":6,"3":6,"4":6,"5":22,"6":22,"7":12,"8":10,"9":10,"10":2,"11":4,"12":1,"13":3,"14":1},"f":{"0":6},"b":{"0":[12,10],"1":[2,8],"2":[1,3]},"_coverageSchema":"43e27e138ebf9cfc5966b082cf9a028302ed4184","hash":"261cb64f9ba9d04ceb72ed58ad0fce0484a60d78"}
,"/Users/jiayali/Desktop/leetCode/0608/index.js": {"path":"/Users/jiayali/Desktop/leetCode/0608/index.js","statementMap":{"0":{"start":{"line":1,"column":25},"end":{"line":13,"column":1}},"1":{"start":{"line":2,"column":16},"end":{"line":2,"column":17}},"2":{"start":{"line":3,"column":17},"end":{"line":3,"column":28}},"3":{"start":{"line":4,"column":4},"end":{"line":9,"column":5}},"4":{"start":{"line":4,"column":21},"end":{"line":4,"column":22}},"5":{"start":{"line":5,"column":8},"end":{"line":8,"column":9}},"6":{"start":{"line":6,"column":12},"end":{"line":6,"column":20}},"7":{"start":{"line":7,"column":12},"end":{"line":7,"column":38}},"8":{"start":{"line":10,"column":20},"end":{"line":10,"column":27}},"9":{"start":{"line":11,"column":4},"end":{"line":11,"column":28}},"10":{"start":{"line":12,"column":4},"end":{"line":12,"column":21}},"11":{"start":{"line":15,"column":0},"end":{"line":15,"column":34}}},"fnMap":{"0":{"name":"(anonymous_0)","decl":{"start":{"line":1,"column":25},"end":{"line":1,"column":26}},"loc":{"start":{"line":1,"column":34},"end":{"line":13,"column":1}},"line":1}},"branchMap":{"0":{"loc":{"start":{"line":5,"column":8},"end":{"line":8,"column":9}},"type":"if","locations":[{"start":{"line":5,"column":8},"end":{"line":8,"column":9}},{"start":{"line":5,"column":8},"end":{"line":8,"column":9}}],"line":5}},"s":{"0":1,"1":2,"2":2,"3":2,"4":2,"5":13,"6":6,"7":6,"8":2,"9":2,"10":2,"11":1},"f":{"0":2},"b":{"0":[6,7]},"_coverageSchema":"43e27e138ebf9cfc5966b082cf9a028302ed4184","hash":"5ca919d2794923c5e15d54852226d23baccc61b1"}
}
