TN:
SF:/Users/jiayali/Desktop/leetCode/0607/index.js
FN:1,(anonymous_0)
FNF:1
FNH:1
FNDA:6,(anonymous_0)
DA:1,1
DA:2,6
DA:4,6
DA:6,6
DA:12,6
DA:13,22
DA:14,22
DA:16,12
DA:18,10
DA:20,10
DA:21,2
DA:26,4
DA:28,3
DA:31,1
LF:14
LH:14
BRDA:14,0,0,12
BRDA:14,0,1,10
BRDA:20,1,0,2
BRDA:20,1,1,8
BRDA:26,2,0,1
BRDA:26,2,1,3
BRF:6
BRH:6
end_of_record
TN:
SF:/Users/jiayali/Desktop/leetCode/0608/index.js
FN:1,(anonymous_0)
FNF:1
FNH:1
FNDA:2,(anonymous_0)
DA:1,1
DA:2,2
DA:3,2
DA:4,2
DA:5,13
DA:6,6
DA:7,6
DA:10,2
DA:11,2
DA:12,2
DA:15,1
LF:11
LH:11
BRDA:5,0,0,6
BRDA:5,0,1,7
BRF:2
BRH:2
end_of_record
TN:
SF:/Users/jiayali/Desktop/leetCode/0609/index.js
FN:1,(anonymous_0)
FNF:1
FNH:1
FNDA:3,(anonymous_0)
DA:1,1
DA:2,3
DA:3,3
DA:4,15
DA:5,14
DA:6,6
DA:8,8
DA:11,3
DA:14,1
LF:9
LH:9
BRDA:4,0,0,1
BRDA:4,0,1,14
BRDA:5,1,0,6
BRDA:5,1,1,8
BRF:4
BRH:4
end_of_record
