TN:
SF:/Users/jiayali/Desktop/leetCode/0607/index.js
FN:1,(anonymous_0)
FNF:1
FNH:1
FNDA:6,(anonymous_0)
DA:1,1
DA:2,6
DA:4,6
DA:6,6
DA:12,6
DA:13,22
DA:14,22
DA:16,12
DA:18,10
DA:20,10
DA:21,2
DA:26,4
DA:28,3
DA:31,1
LF:14
LH:14
BRDA:14,0,0,12
BRDA:14,0,1,10
BRDA:20,1,0,2
BRDA:20,1,1,8
BRDA:26,2,0,1
BRDA:26,2,1,3
BRF:6
BRH:6
end_of_record
TN:
SF:/Users/jiayali/Desktop/leetCode/0608/index.js
FN:1,(anonymous_0)
FNF:1
FNH:1
FNDA:2,(anonymous_0)
DA:1,1
DA:2,2
DA:3,2
DA:4,2
DA:5,13
DA:6,6
DA:7,6
DA:10,2
DA:11,2
DA:12,2
DA:15,1
LF:11
LH:11
BRDA:5,0,0,6
BRDA:5,0,1,7
BRF:2
BRH:2
end_of_record
TN:
SF:/Users/jiayali/Desktop/leetCode/0609/index.js
FN:1,(anonymous_0)
FNF:1
FNH:1
FNDA:3,(anonymous_0)
DA:1,1
DA:2,3
DA:3,3
DA:4,15
DA:5,14
DA:6,6
DA:8,8
DA:11,3
DA:14,1
LF:9
LH:9
BRDA:4,0,0,1
BRDA:4,0,1,14
BRDA:5,1,0,6
BRDA:5,1,1,8
BRF:4
BRH:4
end_of_record
TN:
SF:/Users/jiayali/Desktop/leetCode/0610/index.js
FN:2,(anonymous_0)
FNF:1
FNH:1
FNDA:3,(anonymous_0)
DA:2,1
DA:3,3
DA:4,2
DA:6,1
DA:7,1
DA:8,1
DA:10,1
DA:11,8
DA:12,3
DA:13,2
DA:14,2
DA:15,2
DA:17,5
DA:18,5
DA:19,5
DA:20,5
DA:24,1
LF:17
LH:17
BRDA:3,0,0,1
BRDA:3,0,1,2
BRDA:4,1,0,1
BRDA:4,1,1,1
BRDA:4,2,0,2
BRDA:4,2,1,1
BRDA:11,3,0,3
BRDA:11,3,1,5
BRDA:12,4,0,1
BRDA:12,4,1,2
BRDA:19,5,0,2
BRDA:19,5,1,3
BRDA:20,6,0,2
BRDA:20,6,1,3
BRF:14
BRH:14
end_of_record
TN:
SF:/Users/jiayali/Desktop/leetCode/0611/index.js
FN:1,(anonymous_0)
FNF:1
FNH:1
FNDA:2,(anonymous_0)
DA:1,1
DA:2,2
DA:3,2
DA:4,2
DA:5,2
DA:6,9
DA:7,2
DA:9,7
DA:12,2
DA:14,1
LF:10
LH:10
BRDA:6,0,0,2
BRDA:6,0,1,7
BRF:2
BRH:2
end_of_record
